[2025-03-17T20:10:13.203+0000] {local_task_job_runner.py:123} INFO - ::group::Pre task execution logs
[2025-03-17T20:10:13.554+0000] {taskinstance.py:2613} INFO - Dependencies all met for dep_context=non-requeueable deps ti=<TaskInstance: etl_dag.load_tables.user_sessions_project_b_db scheduled__2025-03-17T20:00:00+00:00 [queued]>
[2025-03-17T20:10:13.704+0000] {taskinstance.py:2613} INFO - Dependencies all met for dep_context=requeueable deps ti=<TaskInstance: etl_dag.load_tables.user_sessions_project_b_db scheduled__2025-03-17T20:00:00+00:00 [queued]>
[2025-03-17T20:10:13.713+0000] {taskinstance.py:2866} INFO - Starting attempt 1 of 2
[2025-03-17T20:10:13.963+0000] {taskinstance.py:2889} INFO - Executing <Task(PostgresOperator): load_tables.user_sessions_project_b_db> on 2025-03-17 20:00:00+00:00
[2025-03-17T20:10:14.083+0000] {warnings.py:112} WARNING - /home/***/.local/lib/python3.12/site-packages/***/task/task_runner/standard_task_runner.py:70: DeprecationWarning: This process (pid=3410) is multi-threaded, use of fork() may lead to deadlocks in the child.
  pid = os.fork()

[2025-03-17T20:10:14.094+0000] {standard_task_runner.py:72} INFO - Started process 3418 to run task
[2025-03-17T20:10:14.173+0000] {standard_task_runner.py:104} INFO - Running: ['***', 'tasks', 'run', 'etl_dag', 'load_tables.user_sessions_project_b_db', 'scheduled__2025-03-17T20:00:00+00:00', '--job-id', '238', '--raw', '--subdir', 'DAGS_FOLDER/etl.py', '--cfg-path', '/tmp/tmpska81pns']
[2025-03-17T20:10:14.193+0000] {standard_task_runner.py:105} INFO - Job 238: Subtask load_tables.user_sessions_project_b_db
[2025-03-17T20:10:16.328+0000] {task_command.py:467} INFO - Running <TaskInstance: etl_dag.load_tables.user_sessions_project_b_db scheduled__2025-03-17T20:00:00+00:00 [running]> on host c032966e105e
[2025-03-17T20:10:19.627+0000] {taskinstance.py:3132} INFO - Exporting env vars: AIRFLOW_CTX_DAG_OWNER='***' AIRFLOW_CTX_DAG_ID='etl_dag' AIRFLOW_CTX_TASK_ID='load_tables.user_sessions_project_b_db' AIRFLOW_CTX_EXECUTION_DATE='2025-03-17T20:00:00+00:00' AIRFLOW_CTX_TRY_NUMBER='1' AIRFLOW_CTX_DAG_RUN_ID='scheduled__2025-03-17T20:00:00+00:00'
[2025-03-17T20:10:19.685+0000] {taskinstance.py:731} INFO - ::endgroup::
[2025-03-17T20:10:19.865+0000] {sql.py:278} INFO - Executing: select load_tables('user_sessions_project_b_db', 'user_sessions');
[2025-03-17T20:10:20.036+0000] {base.py:84} INFO - Retrieving connection 'con_agg'
[2025-03-17T20:10:20.187+0000] {base.py:84} INFO - Retrieving connection 'con_agg'
[2025-03-17T20:10:20.356+0000] {sql.py:553} INFO - Running statement: select load_tables('user_sessions_project_b_db', 'user_sessions');, parameters: None
[2025-03-17T20:10:20.516+0000] {sql.py:562} INFO - Rows affected: 1
[2025-03-17T20:10:21.287+0000] {taskinstance.py:340} INFO - ::group::Post task execution logs
[2025-03-17T20:10:21.295+0000] {taskinstance.py:352} INFO - Marking task as SUCCESS. dag_id=etl_dag, task_id=load_tables.user_sessions_project_b_db, run_id=scheduled__2025-03-17T20:00:00+00:00, execution_date=20250317T200000, start_date=20250317T201013, end_date=20250317T201021
[2025-03-17T20:10:22.496+0000] {local_task_job_runner.py:266} INFO - Task exited with return code 0
[2025-03-17T20:10:22.777+0000] {taskinstance.py:3895} INFO - 0 downstream tasks scheduled from follow-on schedule check
[2025-03-17T20:10:22.835+0000] {local_task_job_runner.py:245} INFO - ::endgroup::
