[2025-03-17T18:49:53.910+0000] {local_task_job_runner.py:123} INFO - ::group::Pre task execution logs
[2025-03-17T18:49:54.048+0000] {taskinstance.py:2613} INFO - Dependencies all met for dep_context=non-requeueable deps ti=<TaskInstance: etl_dag.load_tables.pages_project_b_db manual__2025-03-17T18:49:48.391656+00:00 [queued]>
[2025-03-17T18:49:54.160+0000] {taskinstance.py:2613} INFO - Dependencies all met for dep_context=requeueable deps ti=<TaskInstance: etl_dag.load_tables.pages_project_b_db manual__2025-03-17T18:49:48.391656+00:00 [queued]>
[2025-03-17T18:49:54.177+0000] {taskinstance.py:2866} INFO - Starting attempt 1 of 2
[2025-03-17T18:49:54.362+0000] {taskinstance.py:2889} INFO - Executing <Task(PostgresOperator): load_tables.pages_project_b_db> on 2025-03-17 18:49:48.391656+00:00
[2025-03-17T18:49:54.439+0000] {warnings.py:112} WARNING - /home/***/.local/lib/python3.12/site-packages/***/task/task_runner/standard_task_runner.py:70: DeprecationWarning: This process (pid=2177) is multi-threaded, use of fork() may lead to deadlocks in the child.
  pid = os.fork()

[2025-03-17T18:49:54.459+0000] {standard_task_runner.py:72} INFO - Started process 2187 to run task
[2025-03-17T18:49:54.459+0000] {standard_task_runner.py:104} INFO - Running: ['***', 'tasks', 'run', 'etl_dag', 'load_tables.pages_project_b_db', 'manual__2025-03-17T18:49:48.391656+00:00', '--job-id', '119', '--raw', '--subdir', 'DAGS_FOLDER/etl.py', '--cfg-path', '/tmp/tmp7p_7p_gb']
[2025-03-17T18:49:54.470+0000] {standard_task_runner.py:105} INFO - Job 119: Subtask load_tables.pages_project_b_db
[2025-03-17T18:49:55.241+0000] {task_command.py:467} INFO - Running <TaskInstance: etl_dag.load_tables.pages_project_b_db manual__2025-03-17T18:49:48.391656+00:00 [running]> on host c032966e105e
[2025-03-17T18:49:56.061+0000] {taskinstance.py:3132} INFO - Exporting env vars: AIRFLOW_CTX_DAG_OWNER='***' AIRFLOW_CTX_DAG_ID='etl_dag' AIRFLOW_CTX_TASK_ID='load_tables.pages_project_b_db' AIRFLOW_CTX_EXECUTION_DATE='2025-03-17T18:49:48.391656+00:00' AIRFLOW_CTX_TRY_NUMBER='1' AIRFLOW_CTX_DAG_RUN_ID='manual__2025-03-17T18:49:48.391656+00:00'
[2025-03-17T18:49:56.099+0000] {taskinstance.py:731} INFO - ::endgroup::
[2025-03-17T18:49:56.250+0000] {sql.py:278} INFO - Executing: select load_tables('pages_project_b_db', 'pages');
[2025-03-17T18:49:56.358+0000] {base.py:84} INFO - Retrieving connection 'con_agg'
[2025-03-17T18:49:56.421+0000] {base.py:84} INFO - Retrieving connection 'con_agg'
[2025-03-17T18:49:56.500+0000] {sql.py:553} INFO - Running statement: select load_tables('pages_project_b_db', 'pages');, parameters: None
[2025-03-17T18:49:56.749+0000] {sql.py:562} INFO - Rows affected: 1
[2025-03-17T18:49:57.708+0000] {taskinstance.py:340} INFO - ::group::Post task execution logs
[2025-03-17T18:49:57.847+0000] {taskinstance.py:352} INFO - Marking task as SUCCESS. dag_id=etl_dag, task_id=load_tables.pages_project_b_db, run_id=manual__2025-03-17T18:49:48.391656+00:00, execution_date=20250317T184948, start_date=20250317T184954, end_date=20250317T184957
[2025-03-17T18:49:58.221+0000] {local_task_job_runner.py:266} INFO - Task exited with return code 0
[2025-03-17T18:49:58.357+0000] {taskinstance.py:3895} INFO - 0 downstream tasks scheduled from follow-on schedule check
[2025-03-17T18:49:58.388+0000] {local_task_job_runner.py:245} INFO - ::endgroup::
