[2025-03-17T20:30:18.462+0000] {local_task_job_runner.py:123} INFO - ::group::Pre task execution logs
[2025-03-17T20:30:19.024+0000] {taskinstance.py:2613} INFO - Dependencies all met for dep_context=non-requeueable deps ti=<TaskInstance: etl_dag.load_tables.pages_project_b_db scheduled__2025-03-17T20:20:00+00:00 [queued]>
[2025-03-17T20:30:19.312+0000] {taskinstance.py:2613} INFO - Dependencies all met for dep_context=requeueable deps ti=<TaskInstance: etl_dag.load_tables.pages_project_b_db scheduled__2025-03-17T20:20:00+00:00 [queued]>
[2025-03-17T20:30:19.313+0000] {taskinstance.py:2866} INFO - Starting attempt 1 of 2
[2025-03-17T20:30:20.072+0000] {taskinstance.py:2889} INFO - Executing <Task(PostgresOperator): load_tables.pages_project_b_db> on 2025-03-17 20:20:00+00:00
[2025-03-17T20:30:20.434+0000] {warnings.py:112} WARNING - /home/***/.local/lib/python3.12/site-packages/***/task/task_runner/standard_task_runner.py:70: DeprecationWarning: This process (pid=3679) is multi-threaded, use of fork() may lead to deadlocks in the child.
  pid = os.fork()

[2025-03-17T20:30:20.492+0000] {standard_task_runner.py:72} INFO - Started process 3689 to run task
[2025-03-17T20:30:20.593+0000] {standard_task_runner.py:104} INFO - Running: ['***', 'tasks', 'run', 'etl_dag', 'load_tables.pages_project_b_db', 'scheduled__2025-03-17T20:20:00+00:00', '--job-id', '257', '--raw', '--subdir', 'DAGS_FOLDER/etl.py', '--cfg-path', '/tmp/tmpu4mouydx']
[2025-03-17T20:30:20.692+0000] {standard_task_runner.py:105} INFO - Job 257: Subtask load_tables.pages_project_b_db
[2025-03-17T20:30:23.953+0000] {task_command.py:467} INFO - Running <TaskInstance: etl_dag.load_tables.pages_project_b_db scheduled__2025-03-17T20:20:00+00:00 [running]> on host c032966e105e
[2025-03-17T20:30:26.474+0000] {job.py:229} INFO - Heartbeat recovered after 10.65 seconds
[2025-03-17T20:30:27.793+0000] {taskinstance.py:3132} INFO - Exporting env vars: AIRFLOW_CTX_DAG_OWNER='***' AIRFLOW_CTX_DAG_ID='etl_dag' AIRFLOW_CTX_TASK_ID='load_tables.pages_project_b_db' AIRFLOW_CTX_EXECUTION_DATE='2025-03-17T20:20:00+00:00' AIRFLOW_CTX_TRY_NUMBER='1' AIRFLOW_CTX_DAG_RUN_ID='scheduled__2025-03-17T20:20:00+00:00'
[2025-03-17T20:30:27.863+0000] {taskinstance.py:731} INFO - ::endgroup::
[2025-03-17T20:30:28.403+0000] {sql.py:278} INFO - Executing: select load_tables('pages_project_b_db', 'pages');
[2025-03-17T20:30:28.622+0000] {base.py:84} INFO - Retrieving connection 'con_agg'
[2025-03-17T20:30:28.992+0000] {base.py:84} INFO - Retrieving connection 'con_agg'
[2025-03-17T20:30:29.073+0000] {sql.py:553} INFO - Running statement: select load_tables('pages_project_b_db', 'pages');, parameters: None
[2025-03-17T20:30:29.292+0000] {sql.py:562} INFO - Rows affected: 1
[2025-03-17T20:30:31.462+0000] {taskinstance.py:340} INFO - ::group::Post task execution logs
[2025-03-17T20:30:31.472+0000] {taskinstance.py:352} INFO - Marking task as SUCCESS. dag_id=etl_dag, task_id=load_tables.pages_project_b_db, run_id=scheduled__2025-03-17T20:20:00+00:00, execution_date=20250317T202000, start_date=20250317T203019, end_date=20250317T203031
[2025-03-17T20:30:32.602+0000] {local_task_job_runner.py:266} INFO - Task exited with return code 0
[2025-03-17T20:30:33.273+0000] {taskinstance.py:3895} INFO - 0 downstream tasks scheduled from follow-on schedule check
[2025-03-17T20:30:33.332+0000] {local_task_job_runner.py:245} INFO - ::endgroup::
