[2025-03-17T19:01:35.868+0000] {local_task_job_runner.py:123} INFO - ::group::Pre task execution logs
[2025-03-17T19:01:36.079+0000] {taskinstance.py:2613} INFO - Dependencies all met for dep_context=non-requeueable deps ti=<TaskInstance: etl_dag.load_tables.user_sessions_project_c_db scheduled__2025-03-17T18:00:00+00:00 [queued]>
[2025-03-17T19:01:36.159+0000] {taskinstance.py:2613} INFO - Dependencies all met for dep_context=requeueable deps ti=<TaskInstance: etl_dag.load_tables.user_sessions_project_c_db scheduled__2025-03-17T18:00:00+00:00 [queued]>
[2025-03-17T19:01:36.161+0000] {taskinstance.py:2866} INFO - Starting attempt 1 of 2
[2025-03-17T19:01:36.318+0000] {taskinstance.py:2889} INFO - Executing <Task(PostgresOperator): load_tables.user_sessions_project_c_db> on 2025-03-17 18:00:00+00:00
[2025-03-17T19:01:36.391+0000] {warnings.py:112} WARNING - /home/***/.local/lib/python3.12/site-packages/***/task/task_runner/standard_task_runner.py:70: DeprecationWarning: This process (pid=2429) is multi-threaded, use of fork() may lead to deadlocks in the child.
  pid = os.fork()

[2025-03-17T19:01:36.410+0000] {standard_task_runner.py:72} INFO - Started process 2443 to run task
[2025-03-17T19:01:36.431+0000] {standard_task_runner.py:104} INFO - Running: ['***', 'tasks', 'run', 'etl_dag', 'load_tables.user_sessions_project_c_db', 'scheduled__2025-03-17T18:00:00+00:00', '--job-id', '155', '--raw', '--subdir', 'DAGS_FOLDER/etl.py', '--cfg-path', '/tmp/tmp3ymzrqvc']
[2025-03-17T19:01:36.442+0000] {standard_task_runner.py:105} INFO - Job 155: Subtask load_tables.user_sessions_project_c_db
[2025-03-17T19:01:37.369+0000] {task_command.py:467} INFO - Running <TaskInstance: etl_dag.load_tables.user_sessions_project_c_db scheduled__2025-03-17T18:00:00+00:00 [running]> on host c032966e105e
[2025-03-17T19:01:38.412+0000] {taskinstance.py:3132} INFO - Exporting env vars: AIRFLOW_CTX_DAG_OWNER='***' AIRFLOW_CTX_DAG_ID='etl_dag' AIRFLOW_CTX_TASK_ID='load_tables.user_sessions_project_c_db' AIRFLOW_CTX_EXECUTION_DATE='2025-03-17T18:00:00+00:00' AIRFLOW_CTX_TRY_NUMBER='1' AIRFLOW_CTX_DAG_RUN_ID='scheduled__2025-03-17T18:00:00+00:00'
[2025-03-17T19:01:38.428+0000] {taskinstance.py:731} INFO - ::endgroup::
[2025-03-17T19:01:38.798+0000] {sql.py:278} INFO - Executing: select load_tables('user_sessions_project_c_db', 'user_sessions');
[2025-03-17T19:01:38.940+0000] {base.py:84} INFO - Retrieving connection 'con_agg'
[2025-03-17T19:01:39.268+0000] {base.py:84} INFO - Retrieving connection 'con_agg'
[2025-03-17T19:01:39.298+0000] {sql.py:553} INFO - Running statement: select load_tables('user_sessions_project_c_db', 'user_sessions');, parameters: None
[2025-03-17T19:01:39.400+0000] {sql.py:562} INFO - Rows affected: 1
[2025-03-17T19:01:39.681+0000] {taskinstance.py:340} INFO - ::group::Post task execution logs
[2025-03-17T19:01:39.698+0000] {taskinstance.py:352} INFO - Marking task as SUCCESS. dag_id=etl_dag, task_id=load_tables.user_sessions_project_c_db, run_id=scheduled__2025-03-17T18:00:00+00:00, execution_date=20250317T180000, start_date=20250317T190136, end_date=20250317T190139
[2025-03-17T19:01:40.011+0000] {local_task_job_runner.py:266} INFO - Task exited with return code 0
[2025-03-17T19:01:40.241+0000] {taskinstance.py:3895} INFO - 0 downstream tasks scheduled from follow-on schedule check
[2025-03-17T19:01:40.311+0000] {local_task_job_runner.py:245} INFO - ::endgroup::
