[2025-03-17T20:10:12.454+0000] {local_task_job_runner.py:123} INFO - ::group::Pre task execution logs
[2025-03-17T20:10:12.885+0000] {taskinstance.py:2613} INFO - Dependencies all met for dep_context=non-requeueable deps ti=<TaskInstance: etl_dag.load_tables.events_project_a_db scheduled__2025-03-17T20:00:00+00:00 [queued]>
[2025-03-17T20:10:13.133+0000] {taskinstance.py:2613} INFO - Dependencies all met for dep_context=requeueable deps ti=<TaskInstance: etl_dag.load_tables.events_project_a_db scheduled__2025-03-17T20:00:00+00:00 [queued]>
[2025-03-17T20:10:13.134+0000] {taskinstance.py:2866} INFO - Starting attempt 1 of 2
[2025-03-17T20:10:13.484+0000] {taskinstance.py:2889} INFO - Executing <Task(PostgresOperator): load_tables.events_project_a_db> on 2025-03-17 20:00:00+00:00
[2025-03-17T20:10:13.584+0000] {warnings.py:112} WARNING - /home/***/.local/lib/python3.12/site-packages/***/task/task_runner/standard_task_runner.py:70: DeprecationWarning: This process (pid=3408) is multi-threaded, use of fork() may lead to deadlocks in the child.
  pid = os.fork()

[2025-03-17T20:10:13.694+0000] {standard_task_runner.py:104} INFO - Running: ['***', 'tasks', 'run', 'etl_dag', 'load_tables.events_project_a_db', 'scheduled__2025-03-17T20:00:00+00:00', '--job-id', '237', '--raw', '--subdir', 'DAGS_FOLDER/etl.py', '--cfg-path', '/tmp/tmp7kz9zjbr']
[2025-03-17T20:10:13.753+0000] {standard_task_runner.py:72} INFO - Started process 3416 to run task
[2025-03-17T20:10:13.753+0000] {standard_task_runner.py:105} INFO - Job 237: Subtask load_tables.events_project_a_db
[2025-03-17T20:10:14.965+0000] {task_command.py:467} INFO - Running <TaskInstance: etl_dag.load_tables.events_project_a_db scheduled__2025-03-17T20:00:00+00:00 [running]> on host c032966e105e
[2025-03-17T20:10:18.696+0000] {taskinstance.py:3132} INFO - Exporting env vars: AIRFLOW_CTX_DAG_OWNER='***' AIRFLOW_CTX_DAG_ID='etl_dag' AIRFLOW_CTX_TASK_ID='load_tables.events_project_a_db' AIRFLOW_CTX_EXECUTION_DATE='2025-03-17T20:00:00+00:00' AIRFLOW_CTX_TRY_NUMBER='1' AIRFLOW_CTX_DAG_RUN_ID='scheduled__2025-03-17T20:00:00+00:00'
[2025-03-17T20:10:18.716+0000] {taskinstance.py:731} INFO - ::endgroup::
[2025-03-17T20:10:19.436+0000] {sql.py:278} INFO - Executing: select load_tables('events_project_a_db', 'events');
[2025-03-17T20:10:19.647+0000] {base.py:84} INFO - Retrieving connection 'con_agg'
[2025-03-17T20:10:19.965+0000] {base.py:84} INFO - Retrieving connection 'con_agg'
[2025-03-17T20:10:20.026+0000] {sql.py:553} INFO - Running statement: select load_tables('events_project_a_db', 'events');, parameters: None
[2025-03-17T20:10:20.346+0000] {sql.py:562} INFO - Rows affected: 1
[2025-03-17T20:10:20.866+0000] {taskinstance.py:340} INFO - ::group::Post task execution logs
[2025-03-17T20:10:20.867+0000] {taskinstance.py:352} INFO - Marking task as SUCCESS. dag_id=etl_dag, task_id=load_tables.events_project_a_db, run_id=scheduled__2025-03-17T20:00:00+00:00, execution_date=20250317T200000, start_date=20250317T201012, end_date=20250317T201020
[2025-03-17T20:10:21.335+0000] {local_task_job_runner.py:266} INFO - Task exited with return code 0
[2025-03-17T20:10:22.097+0000] {taskinstance.py:3895} INFO - 0 downstream tasks scheduled from follow-on schedule check
[2025-03-17T20:10:22.145+0000] {local_task_job_runner.py:245} INFO - ::endgroup::
