[2025-03-17T18:55:17.271+0000] {local_task_job_runner.py:123} INFO - ::group::Pre task execution logs
[2025-03-17T18:55:17.382+0000] {taskinstance.py:2613} INFO - Dependencies all met for dep_context=non-requeueable deps ti=<TaskInstance: etl_dag.load_tables.events_project_b_db manual__2025-03-17T18:55:12.630245+00:00 [queued]>
[2025-03-17T18:55:17.492+0000] {taskinstance.py:2613} INFO - Dependencies all met for dep_context=requeueable deps ti=<TaskInstance: etl_dag.load_tables.events_project_b_db manual__2025-03-17T18:55:12.630245+00:00 [queued]>
[2025-03-17T18:55:17.500+0000] {taskinstance.py:2866} INFO - Starting attempt 1 of 2
[2025-03-17T18:55:17.670+0000] {taskinstance.py:2889} INFO - Executing <Task(PostgresOperator): load_tables.events_project_b_db> on 2025-03-17 18:55:12.630245+00:00
[2025-03-17T18:55:17.732+0000] {warnings.py:112} WARNING - /home/***/.local/lib/python3.12/site-packages/***/task/task_runner/standard_task_runner.py:70: DeprecationWarning: This process (pid=2265) is multi-threaded, use of fork() may lead to deadlocks in the child.
  pid = os.fork()

[2025-03-17T18:55:17.742+0000] {standard_task_runner.py:72} INFO - Started process 2273 to run task
[2025-03-17T18:55:17.743+0000] {standard_task_runner.py:104} INFO - Running: ['***', 'tasks', 'run', 'etl_dag', 'load_tables.events_project_b_db', 'manual__2025-03-17T18:55:12.630245+00:00', '--job-id', '125', '--raw', '--subdir', 'DAGS_FOLDER/etl.py', '--cfg-path', '/tmp/tmpdhye_56y']
[2025-03-17T18:55:17.760+0000] {standard_task_runner.py:105} INFO - Job 125: Subtask load_tables.events_project_b_db
[2025-03-17T18:55:18.261+0000] {task_command.py:467} INFO - Running <TaskInstance: etl_dag.load_tables.events_project_b_db manual__2025-03-17T18:55:12.630245+00:00 [running]> on host c032966e105e
[2025-03-17T18:55:19.214+0000] {taskinstance.py:3132} INFO - Exporting env vars: AIRFLOW_CTX_DAG_OWNER='***' AIRFLOW_CTX_DAG_ID='etl_dag' AIRFLOW_CTX_TASK_ID='load_tables.events_project_b_db' AIRFLOW_CTX_EXECUTION_DATE='2025-03-17T18:55:12.630245+00:00' AIRFLOW_CTX_TRY_NUMBER='1' AIRFLOW_CTX_DAG_RUN_ID='manual__2025-03-17T18:55:12.630245+00:00'
[2025-03-17T18:55:19.244+0000] {taskinstance.py:731} INFO - ::endgroup::
[2025-03-17T18:55:19.433+0000] {sql.py:278} INFO - Executing: select load_tables('events_project_b_db', 'events');
[2025-03-17T18:55:19.612+0000] {base.py:84} INFO - Retrieving connection 'con_agg'
[2025-03-17T18:55:19.792+0000] {base.py:84} INFO - Retrieving connection 'con_agg'
[2025-03-17T18:55:19.843+0000] {sql.py:553} INFO - Running statement: select load_tables('events_project_b_db', 'events');, parameters: None
[2025-03-17T18:55:19.941+0000] {sql.py:562} INFO - Rows affected: 1
[2025-03-17T18:55:20.493+0000] {taskinstance.py:340} INFO - ::group::Post task execution logs
[2025-03-17T18:55:20.530+0000] {taskinstance.py:352} INFO - Marking task as SUCCESS. dag_id=etl_dag, task_id=load_tables.events_project_b_db, run_id=manual__2025-03-17T18:55:12.630245+00:00, execution_date=20250317T185512, start_date=20250317T185517, end_date=20250317T185520
[2025-03-17T18:55:20.890+0000] {local_task_job_runner.py:266} INFO - Task exited with return code 0
[2025-03-17T18:55:21.212+0000] {taskinstance.py:3895} INFO - 0 downstream tasks scheduled from follow-on schedule check
[2025-03-17T18:55:21.253+0000] {local_task_job_runner.py:245} INFO - ::endgroup::
