[2025-03-17T19:04:38.469+0000] {local_task_job_runner.py:123} INFO - ::group::Pre task execution logs
[2025-03-17T19:04:38.539+0000] {taskinstance.py:2613} INFO - Dependencies all met for dep_context=non-requeueable deps ti=<TaskInstance: etl_dag.load_tables.pages_project_a_db manual__2025-03-17T19:04:34.626694+00:00 [queued]>
[2025-03-17T19:04:38.579+0000] {taskinstance.py:2613} INFO - Dependencies all met for dep_context=requeueable deps ti=<TaskInstance: etl_dag.load_tables.pages_project_a_db manual__2025-03-17T19:04:34.626694+00:00 [queued]>
[2025-03-17T19:04:38.580+0000] {taskinstance.py:2866} INFO - Starting attempt 1 of 2
[2025-03-17T19:04:38.648+0000] {taskinstance.py:2889} INFO - Executing <Task(PostgresOperator): load_tables.pages_project_a_db> on 2025-03-17 19:04:34.626694+00:00
[2025-03-17T19:04:38.678+0000] {warnings.py:112} WARNING - /home/***/.local/lib/python3.12/site-packages/***/task/task_runner/standard_task_runner.py:70: DeprecationWarning: This process (pid=2538) is multi-threaded, use of fork() may lead to deadlocks in the child.
  pid = os.fork()

[2025-03-17T19:04:38.688+0000] {standard_task_runner.py:72} INFO - Started process 2539 to run task
[2025-03-17T19:04:38.689+0000] {standard_task_runner.py:104} INFO - Running: ['***', 'tasks', 'run', 'etl_dag', 'load_tables.pages_project_a_db', 'manual__2025-03-17T19:04:34.626694+00:00', '--job-id', '178', '--raw', '--subdir', 'DAGS_FOLDER/etl.py', '--cfg-path', '/tmp/tmp9dhi_rym']
[2025-03-17T19:04:38.716+0000] {standard_task_runner.py:105} INFO - Job 178: Subtask load_tables.pages_project_a_db
[2025-03-17T19:04:39.106+0000] {task_command.py:467} INFO - Running <TaskInstance: etl_dag.load_tables.pages_project_a_db manual__2025-03-17T19:04:34.626694+00:00 [running]> on host c032966e105e
[2025-03-17T19:04:40.269+0000] {taskinstance.py:3132} INFO - Exporting env vars: AIRFLOW_CTX_DAG_OWNER='***' AIRFLOW_CTX_DAG_ID='etl_dag' AIRFLOW_CTX_TASK_ID='load_tables.pages_project_a_db' AIRFLOW_CTX_EXECUTION_DATE='2025-03-17T19:04:34.626694+00:00' AIRFLOW_CTX_TRY_NUMBER='1' AIRFLOW_CTX_DAG_RUN_ID='manual__2025-03-17T19:04:34.626694+00:00'
[2025-03-17T19:04:40.276+0000] {taskinstance.py:731} INFO - ::endgroup::
[2025-03-17T19:04:40.367+0000] {sql.py:278} INFO - Executing: select load_tables('pages_project_a_db', 'pages');
[2025-03-17T19:04:40.429+0000] {base.py:84} INFO - Retrieving connection 'con_agg'
[2025-03-17T19:04:40.489+0000] {base.py:84} INFO - Retrieving connection 'con_agg'
[2025-03-17T19:04:40.536+0000] {sql.py:553} INFO - Running statement: select load_tables('pages_project_a_db', 'pages');, parameters: None
[2025-03-17T19:04:40.646+0000] {sql.py:562} INFO - Rows affected: 1
[2025-03-17T19:04:40.928+0000] {taskinstance.py:340} INFO - ::group::Post task execution logs
[2025-03-17T19:04:40.930+0000] {taskinstance.py:352} INFO - Marking task as SUCCESS. dag_id=etl_dag, task_id=load_tables.pages_project_a_db, run_id=manual__2025-03-17T19:04:34.626694+00:00, execution_date=20250317T190434, start_date=20250317T190438, end_date=20250317T190440
[2025-03-17T19:04:41.216+0000] {local_task_job_runner.py:266} INFO - Task exited with return code 0
[2025-03-17T19:04:41.327+0000] {taskinstance.py:3895} INFO - 0 downstream tasks scheduled from follow-on schedule check
[2025-03-17T19:04:41.359+0000] {local_task_job_runner.py:245} INFO - ::endgroup::
