[2025-03-17T19:50:10.142+0000] {local_task_job_runner.py:123} INFO - ::group::Pre task execution logs
[2025-03-17T19:50:10.331+0000] {taskinstance.py:2613} INFO - Dependencies all met for dep_context=non-requeueable deps ti=<TaskInstance: etl_dag.load_tables.user_sessions_project_b_db scheduled__2025-03-17T19:40:00+00:00 [queued]>
[2025-03-17T19:50:10.420+0000] {taskinstance.py:2613} INFO - Dependencies all met for dep_context=requeueable deps ti=<TaskInstance: etl_dag.load_tables.user_sessions_project_b_db scheduled__2025-03-17T19:40:00+00:00 [queued]>
[2025-03-17T19:50:10.431+0000] {taskinstance.py:2866} INFO - Starting attempt 1 of 2
[2025-03-17T19:50:10.680+0000] {taskinstance.py:2889} INFO - Executing <Task(PostgresOperator): load_tables.user_sessions_project_b_db> on 2025-03-17 19:40:00+00:00
[2025-03-17T19:50:10.832+0000] {warnings.py:112} WARNING - /home/***/.local/lib/python3.12/site-packages/***/task/task_runner/standard_task_runner.py:70: DeprecationWarning: This process (pid=3129) is multi-threaded, use of fork() may lead to deadlocks in the child.
  pid = os.fork()

[2025-03-17T19:50:10.860+0000] {standard_task_runner.py:72} INFO - Started process 3144 to run task
[2025-03-17T19:50:10.890+0000] {standard_task_runner.py:104} INFO - Running: ['***', 'tasks', 'run', 'etl_dag', 'load_tables.user_sessions_project_b_db', 'scheduled__2025-03-17T19:40:00+00:00', '--job-id', '222', '--raw', '--subdir', 'DAGS_FOLDER/etl.py', '--cfg-path', '/tmp/tmpk5omlll6']
[2025-03-17T19:50:10.892+0000] {standard_task_runner.py:105} INFO - Job 222: Subtask load_tables.user_sessions_project_b_db
[2025-03-17T19:50:11.951+0000] {task_command.py:467} INFO - Running <TaskInstance: etl_dag.load_tables.user_sessions_project_b_db scheduled__2025-03-17T19:40:00+00:00 [running]> on host c032966e105e
[2025-03-17T19:50:13.741+0000] {taskinstance.py:3132} INFO - Exporting env vars: AIRFLOW_CTX_DAG_OWNER='***' AIRFLOW_CTX_DAG_ID='etl_dag' AIRFLOW_CTX_TASK_ID='load_tables.user_sessions_project_b_db' AIRFLOW_CTX_EXECUTION_DATE='2025-03-17T19:40:00+00:00' AIRFLOW_CTX_TRY_NUMBER='1' AIRFLOW_CTX_DAG_RUN_ID='scheduled__2025-03-17T19:40:00+00:00'
[2025-03-17T19:50:13.761+0000] {taskinstance.py:731} INFO - ::endgroup::
[2025-03-17T19:50:14.162+0000] {sql.py:278} INFO - Executing: select load_tables('user_sessions_project_b_db', 'user_sessions');
[2025-03-17T19:50:14.531+0000] {base.py:84} INFO - Retrieving connection 'con_agg'
[2025-03-17T19:50:14.820+0000] {base.py:84} INFO - Retrieving connection 'con_agg'
[2025-03-17T19:50:15.079+0000] {sql.py:553} INFO - Running statement: select load_tables('user_sessions_project_b_db', 'user_sessions');, parameters: None
[2025-03-17T19:50:15.290+0000] {sql.py:562} INFO - Rows affected: 1
[2025-03-17T19:50:15.879+0000] {taskinstance.py:340} INFO - ::group::Post task execution logs
[2025-03-17T19:50:15.888+0000] {taskinstance.py:352} INFO - Marking task as SUCCESS. dag_id=etl_dag, task_id=load_tables.user_sessions_project_b_db, run_id=scheduled__2025-03-17T19:40:00+00:00, execution_date=20250317T194000, start_date=20250317T195010, end_date=20250317T195015
[2025-03-17T19:50:16.268+0000] {local_task_job_runner.py:266} INFO - Task exited with return code 0
[2025-03-17T19:50:16.388+0000] {taskinstance.py:3895} INFO - 0 downstream tasks scheduled from follow-on schedule check
[2025-03-17T19:50:16.398+0000] {local_task_job_runner.py:245} INFO - ::endgroup::
